Started GET "/images/irequest_sites/amazon.png" for 127.0.0.1 at 2018-05-22 16:42:57 -0700
  
ActiveRecord::PendingMigrationError (

Migrations are pending. To resolve this issue, run:

        bin/rails db:migrate RAILS_ENV=development

):
  
activerecord (5.1.1) lib/active_record/migration.rb:576:in `check_pending!'
activerecord (5.1.1) lib/active_record/migration.rb:553:in `call'
actionpack (5.1.1) lib/action_dispatch/middleware/callbacks.rb:26:in `block in call'
activesupport (5.1.1) lib/active_support/callbacks.rb:97:in `run_callbacks'
actionpack (5.1.1) lib/action_dispatch/middleware/callbacks.rb:24:in `call'
actionpack (5.1.1) lib/action_dispatch/middleware/executor.rb:12:in `call'
actionpack (5.1.1) lib/action_dispatch/middleware/debug_exceptions.rb:59:in `call'
web-console (3.5.1) lib/web_console/middleware.rb:135:in `call_app'
web-console (3.5.1) lib/web_console/middleware.rb:28:in `block in call'
web-console (3.5.1) lib/web_console/middleware.rb:18:in `catch'
web-console (3.5.1) lib/web_console/middleware.rb:18:in `call'
actionpack (5.1.1) lib/action_dispatch/middleware/show_exceptions.rb:31:in `call'
railties (5.1.1) lib/rails/rack/logger.rb:36:in `call_app'
railties (5.1.1) lib/rails/rack/logger.rb:24:in `block in call'
activesupport (5.1.1) lib/active_support/tagged_logging.rb:69:in `block in tagged'
activesupport (5.1.1) lib/active_support/tagged_logging.rb:26:in `tagged'
activesupport (5.1.1) lib/active_support/tagged_logging.rb:69:in `tagged'
railties (5.1.1) lib/rails/rack/logger.rb:24:in `call'
sprockets-rails (3.2.0) lib/sprockets/rails/quiet_assets.rb:13:in `call'
actionpack (5.1.1) lib/action_dispatch/middleware/remote_ip.rb:79:in `call'
actionpack (5.1.1) lib/action_dispatch/middleware/request_id.rb:25:in `call'
rack (2.0.3) lib/rack/method_override.rb:22:in `call'
rack (2.0.3) lib/rack/runtime.rb:22:in `call'
activesupport (5.1.1) lib/active_support/cache/strategy/local_cache_middleware.rb:27:in `call'
actionpack (5.1.1) lib/action_dispatch/middleware/executor.rb:12:in `call'
actionpack (5.1.1) lib/action_dispatch/middleware/static.rb:125:in `call'
rack (2.0.3) lib/rack/sendfile.rb:111:in `call'
railties (5.1.1) lib/rails/engine.rb:522:in `call'
rack (2.0.3) lib/rack/handler/webrick.rb:86:in `service'
/usr/local/Cellar/ruby/2.5.1/lib/ruby/2.5.0/webrick/httpserver.rb:140:in `service'
/usr/local/Cellar/ruby/2.5.1/lib/ruby/2.5.0/webrick/httpserver.rb:96:in `run'
/usr/local/Cellar/ruby/2.5.1/lib/ruby/2.5.0/webrick/server.rb:307:in `block in start_thread'
  
ActiveRecord::PendingMigrationError (

Migrations are pending. To resolve this issue, run:

        bin/rails db:migrate RAILS_ENV=development

):
  
activerecord (5.1.1) lib/active_record/migration.rb:576:in `check_pending!'
activerecord (5.1.1) lib/active_record/migration.rb:553:in `call'
actionpack (5.1.1) lib/action_dispatch/middleware/callbacks.rb:26:in `block in call'
activesupport (5.1.1) lib/active_support/callbacks.rb:97:in `run_callbacks'
actionpack (5.1.1) lib/action_dispatch/middleware/callbacks.rb:24:in `call'
actionpack (5.1.1) lib/action_dispatch/middleware/executor.rb:12:in `call'
actionpack (5.1.1) lib/action_dispatch/middleware/debug_exceptions.rb:59:in `call'
web-console (3.5.1) lib/web_console/middleware.rb:135:in `call_app'
web-console (3.5.1) lib/web_console/middleware.rb:28:in `block in call'
web-console (3.5.1) lib/web_console/middleware.rb:18:in `catch'
web-console (3.5.1) lib/web_console/middleware.rb:18:in `call'
actionpack (5.1.1) lib/action_dispatch/middleware/show_exceptions.rb:31:in `call'
railties (5.1.1) lib/rails/rack/logger.rb:36:in `call_app'
railties (5.1.1) lib/rails/rack/logger.rb:24:in `block in call'
activesupport (5.1.1) lib/active_support/tagged_logging.rb:69:in `block in tagged'
activesupport (5.1.1) lib/active_support/tagged_logging.rb:26:in `tagged'
activesupport (5.1.1) lib/active_support/tagged_logging.rb:69:in `tagged'
railties (5.1.1) lib/rails/rack/logger.rb:24:in `call'
sprockets-rails (3.2.0) lib/sprockets/rails/quiet_assets.rb:11:in `block in call'
activesupport (5.1.1) lib/active_support/logger_silence.rb:20:in `silence'
activesupport (5.1.1) lib/active_support/logger.rb:63:in `block (3 levels) in broadcast'
activesupport (5.1.1) lib/active_support/logger_silence.rb:20:in `silence'
activesupport (5.1.1) lib/active_support/logger.rb:61:in `block (2 levels) in broadcast'
sprockets-rails (3.2.0) lib/sprockets/rails/quiet_assets.rb:11:in `call'
actionpack (5.1.1) lib/action_dispatch/middleware/remote_ip.rb:79:in `call'
actionpack (5.1.1) lib/action_dispatch/middleware/request_id.rb:25:in `call'
rack (2.0.3) lib/rack/method_override.rb:22:in `call'
rack (2.0.3) lib/rack/runtime.rb:22:in `call'
activesupport (5.1.1) lib/active_support/cache/strategy/local_cache_middleware.rb:27:in `call'
actionpack (5.1.1) lib/action_dispatch/middleware/executor.rb:12:in `call'
actionpack (5.1.1) lib/action_dispatch/middleware/static.rb:125:in `call'
rack (2.0.3) lib/rack/sendfile.rb:111:in `call'
railties (5.1.1) lib/rails/engine.rb:522:in `call'
rack (2.0.3) lib/rack/handler/webrick.rb:86:in `service'
/usr/local/Cellar/ruby/2.5.1/lib/ruby/2.5.0/webrick/httpserver.rb:140:in `service'
/usr/local/Cellar/ruby/2.5.1/lib/ruby/2.5.0/webrick/httpserver.rb:96:in `run'
/usr/local/Cellar/ruby/2.5.1/lib/ruby/2.5.0/webrick/server.rb:307:in `block in start_thread'
  
ActiveRecord::PendingMigrationError (

Migrations are pending. To resolve this issue, run:

        bin/rails db:migrate RAILS_ENV=development

):
  
activerecord (5.1.1) lib/active_record/migration.rb:576:in `check_pending!'
activerecord (5.1.1) lib/active_record/migration.rb:553:in `call'
actionpack (5.1.1) lib/action_dispatch/middleware/callbacks.rb:26:in `block in call'
activesupport (5.1.1) lib/active_support/callbacks.rb:97:in `run_callbacks'
actionpack (5.1.1) lib/action_dispatch/middleware/callbacks.rb:24:in `call'
actionpack (5.1.1) lib/action_dispatch/middleware/executor.rb:12:in `call'
actionpack (5.1.1) lib/action_dispatch/middleware/debug_exceptions.rb:59:in `call'
web-console (3.5.1) lib/web_console/middleware.rb:135:in `call_app'
web-console (3.5.1) lib/web_console/middleware.rb:28:in `block in call'
web-console (3.5.1) lib/web_console/middleware.rb:18:in `catch'
web-console (3.5.1) lib/web_console/middleware.rb:18:in `call'
actionpack (5.1.1) lib/action_dispatch/middleware/show_exceptions.rb:31:in `call'
railties (5.1.1) lib/rails/rack/logger.rb:36:in `call_app'
railties (5.1.1) lib/rails/rack/logger.rb:24:in `block in call'
activesupport (5.1.1) lib/active_support/tagged_logging.rb:69:in `block in tagged'
activesupport (5.1.1) lib/active_support/tagged_logging.rb:26:in `tagged'
activesupport (5.1.1) lib/active_support/tagged_logging.rb:69:in `tagged'
railties (5.1.1) lib/rails/rack/logger.rb:24:in `call'
sprockets-rails (3.2.0) lib/sprockets/rails/quiet_assets.rb:11:in `block in call'
activesupport (5.1.1) lib/active_support/logger_silence.rb:20:in `silence'
activesupport (5.1.1) lib/active_support/logger.rb:63:in `block (3 levels) in broadcast'
activesupport (5.1.1) lib/active_support/logger_silence.rb:20:in `silence'
activesupport (5.1.1) lib/active_support/logger.rb:61:in `block (2 levels) in broadcast'
sprockets-rails (3.2.0) lib/sprockets/rails/quiet_assets.rb:11:in `call'
actionpack (5.1.1) lib/action_dispatch/middleware/remote_ip.rb:79:in `call'
actionpack (5.1.1) lib/action_dispatch/middleware/request_id.rb:25:in `call'
rack (2.0.3) lib/rack/method_override.rb:22:in `call'
rack (2.0.3) lib/rack/runtime.rb:22:in `call'
activesupport (5.1.1) lib/active_support/cache/strategy/local_cache_middleware.rb:27:in `call'
actionpack (5.1.1) lib/action_dispatch/middleware/executor.rb:12:in `call'
actionpack (5.1.1) lib/action_dispatch/middleware/static.rb:125:in `call'
rack (2.0.3) lib/rack/sendfile.rb:111:in `call'
railties (5.1.1) lib/rails/engine.rb:522:in `call'
rack (2.0.3) lib/rack/handler/webrick.rb:86:in `service'
/usr/local/Cellar/ruby/2.5.1/lib/ruby/2.5.0/webrick/httpserver.rb:140:in `service'
/usr/local/Cellar/ruby/2.5.1/lib/ruby/2.5.0/webrick/httpserver.rb:96:in `run'
/usr/local/Cellar/ruby/2.5.1/lib/ruby/2.5.0/webrick/server.rb:307:in `block in start_thread'
  
ActiveRecord::PendingMigrationError (

Migrations are pending. To resolve this issue, run:

        bin/rails db:migrate RAILS_ENV=development

):
  
activerecord (5.1.1) lib/active_record/migration.rb:576:in `check_pending!'
activerecord (5.1.1) lib/active_record/migration.rb:553:in `call'
actionpack (5.1.1) lib/action_dispatch/middleware/callbacks.rb:26:in `block in call'
activesupport (5.1.1) lib/active_support/callbacks.rb:97:in `run_callbacks'
actionpack (5.1.1) lib/action_dispatch/middleware/callbacks.rb:24:in `call'
actionpack (5.1.1) lib/action_dispatch/middleware/executor.rb:12:in `call'
actionpack (5.1.1) lib/action_dispatch/middleware/debug_exceptions.rb:59:in `call'
web-console (3.5.1) lib/web_console/middleware.rb:135:in `call_app'
web-console (3.5.1) lib/web_console/middleware.rb:28:in `block in call'
web-console (3.5.1) lib/web_console/middleware.rb:18:in `catch'
web-console (3.5.1) lib/web_console/middleware.rb:18:in `call'
actionpack (5.1.1) lib/action_dispatch/middleware/show_exceptions.rb:31:in `call'
railties (5.1.1) lib/rails/rack/logger.rb:36:in `call_app'
railties (5.1.1) lib/rails/rack/logger.rb:24:in `block in call'
activesupport (5.1.1) lib/active_support/tagged_logging.rb:69:in `block in tagged'
activesupport (5.1.1) lib/active_support/tagged_logging.rb:26:in `tagged'
activesupport (5.1.1) lib/active_support/tagged_logging.rb:69:in `tagged'
railties (5.1.1) lib/rails/rack/logger.rb:24:in `call'
sprockets-rails (3.2.0) lib/sprockets/rails/quiet_assets.rb:11:in `block in call'
activesupport (5.1.1) lib/active_support/logger_silence.rb:20:in `silence'
activesupport (5.1.1) lib/active_support/logger.rb:63:in `block (3 levels) in broadcast'
activesupport (5.1.1) lib/active_support/logger_silence.rb:20:in `silence'
activesupport (5.1.1) lib/active_support/logger.rb:61:in `block (2 levels) in broadcast'
sprockets-rails (3.2.0) lib/sprockets/rails/quiet_assets.rb:11:in `call'
actionpack (5.1.1) lib/action_dispatch/middleware/remote_ip.rb:79:in `call'
actionpack (5.1.1) lib/action_dispatch/middleware/request_id.rb:25:in `call'
rack (2.0.3) lib/rack/method_override.rb:22:in `call'
rack (2.0.3) lib/rack/runtime.rb:22:in `call'
activesupport (5.1.1) lib/active_support/cache/strategy/local_cache_middleware.rb:27:in `call'
actionpack (5.1.1) lib/action_dispatch/middleware/executor.rb:12:in `call'
actionpack (5.1.1) lib/action_dispatch/middleware/static.rb:125:in `call'
rack (2.0.3) lib/rack/sendfile.rb:111:in `call'
railties (5.1.1) lib/rails/engine.rb:522:in `call'
rack (2.0.3) lib/rack/handler/webrick.rb:86:in `service'
/usr/local/Cellar/ruby/2.5.1/lib/ruby/2.5.0/webrick/httpserver.rb:140:in `service'
/usr/local/Cellar/ruby/2.5.1/lib/ruby/2.5.0/webrick/httpserver.rb:96:in `run'
/usr/local/Cellar/ruby/2.5.1/lib/ruby/2.5.0/webrick/server.rb:307:in `block in start_thread'
  
ActiveRecord::PendingMigrationError (

Migrations are pending. To resolve this issue, run:

        bin/rails db:migrate RAILS_ENV=development

):
  
activerecord (5.1.1) lib/active_record/migration.rb:576:in `check_pending!'
activerecord (5.1.1) lib/active_record/migration.rb:553:in `call'
actionpack (5.1.1) lib/action_dispatch/middleware/callbacks.rb:26:in `block in call'
activesupport (5.1.1) lib/active_support/callbacks.rb:97:in `run_callbacks'
actionpack (5.1.1) lib/action_dispatch/middleware/callbacks.rb:24:in `call'
actionpack (5.1.1) lib/action_dispatch/middleware/executor.rb:12:in `call'
actionpack (5.1.1) lib/action_dispatch/middleware/debug_exceptions.rb:59:in `call'
web-console (3.5.1) lib/web_console/middleware.rb:135:in `call_app'
web-console (3.5.1) lib/web_console/middleware.rb:28:in `block in call'
web-console (3.5.1) lib/web_console/middleware.rb:18:in `catch'
web-console (3.5.1) lib/web_console/middleware.rb:18:in `call'
actionpack (5.1.1) lib/action_dispatch/middleware/show_exceptions.rb:31:in `call'
railties (5.1.1) lib/rails/rack/logger.rb:36:in `call_app'
railties (5.1.1) lib/rails/rack/logger.rb:24:in `block in call'
activesupport (5.1.1) lib/active_support/tagged_logging.rb:69:in `block in tagged'
activesupport (5.1.1) lib/active_support/tagged_logging.rb:26:in `tagged'
activesupport (5.1.1) lib/active_support/tagged_logging.rb:69:in `tagged'
railties (5.1.1) lib/rails/rack/logger.rb:24:in `call'
sprockets-rails (3.2.0) lib/sprockets/rails/quiet_assets.rb:11:in `block in call'
activesupport (5.1.1) lib/active_support/logger_silence.rb:20:in `silence'
activesupport (5.1.1) lib/active_support/logger.rb:63:in `block (3 levels) in broadcast'
activesupport (5.1.1) lib/active_support/logger_silence.rb:20:in `silence'
activesupport (5.1.1) lib/active_support/logger.rb:61:in `block (2 levels) in broadcast'
sprockets-rails (3.2.0) lib/sprockets/rails/quiet_assets.rb:11:in `call'
actionpack (5.1.1) lib/action_dispatch/middleware/remote_ip.rb:79:in `call'
actionpack (5.1.1) lib/action_dispatch/middleware/request_id.rb:25:in `call'
rack (2.0.3) lib/rack/method_override.rb:22:in `call'
rack (2.0.3) lib/rack/runtime.rb:22:in `call'
activesupport (5.1.1) lib/active_support/cache/strategy/local_cache_middleware.rb:27:in `call'
actionpack (5.1.1) lib/action_dispatch/middleware/executor.rb:12:in `call'
actionpack (5.1.1) lib/action_dispatch/middleware/static.rb:125:in `call'
rack (2.0.3) lib/rack/sendfile.rb:111:in `call'
railties (5.1.1) lib/rails/engine.rb:522:in `call'
rack (2.0.3) lib/rack/handler/webrick.rb:86:in `service'
/usr/local/Cellar/ruby/2.5.1/lib/ruby/2.5.0/webrick/httpserver.rb:140:in `service'
/usr/local/Cellar/ruby/2.5.1/lib/ruby/2.5.0/webrick/httpserver.rb:96:in `run'
/usr/local/Cellar/ruby/2.5.1/lib/ruby/2.5.0/webrick/server.rb:307:in `block in start_thread'
  
ActiveRecord::ConnectionTimeoutError (could not obtain a connection from the pool within 5.000 seconds (waited 5.004 seconds); all pooled connections were in use):
  
activerecord (5.1.1) lib/active_record/connection_adapters/abstract/connection_pool.rb:202:in `block in wait_poll'
activerecord (5.1.1) lib/active_record/connection_adapters/abstract/connection_pool.rb:193:in `loop'
activerecord (5.1.1) lib/active_record/connection_adapters/abstract/connection_pool.rb:193:in `wait_poll'
activerecord (5.1.1) lib/active_record/connection_adapters/abstract/connection_pool.rb:154:in `internal_poll'
activerecord (5.1.1) lib/active_record/connection_adapters/abstract/connection_pool.rb:278:in `internal_poll'
activerecord (5.1.1) lib/active_record/connection_adapters/abstract/connection_pool.rb:148:in `block in poll'
/usr/local/Cellar/ruby/2.5.1/lib/ruby/2.5.0/monitor.rb:226:in `mon_synchronize'
activerecord (5.1.1) lib/active_record/connection_adapters/abstract/connection_pool.rb:158:in `synchronize'
activerecord (5.1.1) lib/active_record/connection_adapters/abstract/connection_pool.rb:148:in `poll'
activerecord (5.1.1) lib/active_record/connection_adapters/abstract/connection_pool.rb:747:in `acquire_connection'
activerecord (5.1.1) lib/active_record/connection_adapters/abstract/connection_pool.rb:500:in `checkout'
activerecord (5.1.1) lib/active_record/connection_adapters/abstract/connection_pool.rb:374:in `connection'
activerecord (5.1.1) lib/active_record/connection_adapters/abstract/connection_pool.rb:931:in `retrieve_connection'
activerecord (5.1.1) lib/active_record/connection_handling.rb:116:in `retrieve_connection'
activerecord (5.1.1) lib/active_record/connection_handling.rb:88:in `connection'
activerecord (5.1.1) lib/active_record/migration.rb:562:in `connection'
activerecord (5.1.1) lib/active_record/migration.rb:553:in `call'
actionpack (5.1.1) lib/action_dispatch/middleware/callbacks.rb:26:in `block in call'
activesupport (5.1.1) lib/active_support/callbacks.rb:97:in `run_callbacks'
actionpack (5.1.1) lib/action_dispatch/middleware/callbacks.rb:24:in `call'
actionpack (5.1.1) lib/action_dispatch/middleware/executor.rb:12:in `call'
actionpack (5.1.1) lib/action_dispatch/middleware/debug_exceptions.rb:59:in `call'
web-console (3.5.1) lib/web_console/middleware.rb:135:in `call_app'
web-console (3.5.1) lib/web_console/middleware.rb:28:in `block in call'
web-console (3.5.1) lib/web_console/middleware.rb:18:in `catch'
web-console (3.5.1) lib/web_console/middleware.rb:18:in `call'
actionpack (5.1.1) lib/action_dispatch/middleware/show_exceptions.rb:31:in `call'
railties (5.1.1) lib/rails/rack/logger.rb:36:in `call_app'
railties (5.1.1) lib/rails/rack/logger.rb:24:in `block in call'
activesupport (5.1.1) lib/active_support/tagged_logging.rb:69:in `block in tagged'
activesupport (5.1.1) lib/active_support/tagged_logging.rb:26:in `tagged'
activesupport (5.1.1) lib/active_support/tagged_logging.rb:69:in `tagged'
railties (5.1.1) lib/rails/rack/logger.rb:24:in `call'
sprockets-rails (3.2.0) lib/sprockets/rails/quiet_assets.rb:11:in `block in call'
activesupport (5.1.1) lib/active_support/logger_silence.rb:20:in `silence'
activesupport (5.1.1) lib/active_support/logger.rb:63:in `block (3 levels) in broadcast'
activesupport (5.1.1) lib/active_support/logger_silence.rb:20:in `silence'
activesupport (5.1.1) lib/active_support/logger.rb:61:in `block (2 levels) in broadcast'
sprockets-rails (3.2.0) lib/sprockets/rails/quiet_assets.rb:11:in `call'
actionpack (5.1.1) lib/action_dispatch/middleware/remote_ip.rb:79:in `call'
actionpack (5.1.1) lib/action_dispatch/middleware/request_id.rb:25:in `call'
rack (2.0.3) lib/rack/method_override.rb:22:in `call'
rack (2.0.3) lib/rack/runtime.rb:22:in `call'
activesupport (5.1.1) lib/active_support/cache/strategy/local_cache_middleware.rb:27:in `call'
actionpack (5.1.1) lib/action_dispatch/middleware/executor.rb:12:in `call'
actionpack (5.1.1) lib/action_dispatch/middleware/static.rb:125:in `call'
rack (2.0.3) lib/rack/sendfile.rb:111:in `call'
railties (5.1.1) lib/rails/engine.rb:522:in `call'
rack (2.0.3) lib/rack/handler/webrick.rb:86:in `service'
/usr/local/Cellar/ruby/2.5.1/lib/ruby/2.5.0/webrick/httpserver.rb:140:in `service'
/usr/local/Cellar/ruby/2.5.1/lib/ruby/2.5.0/webrick/httpserver.rb:96:in `run'
/usr/local/Cellar/ruby/2.5.1/lib/ruby/2.5.0/webrick/server.rb:307:in `block in start_thread'
Started GET "/images/irequest_sites/buy_dot_com.png" for 127.0.0.1 at 2018-05-22 16:43:04 -0700
  
ActiveRecord::PendingMigrationError (

Migrations are pending. To resolve this issue, run:

        bin/rails db:migrate RAILS_ENV=development

):
  
activerecord (5.1.1) lib/active_record/migration.rb:576:in `check_pending!'
activerecord (5.1.1) lib/active_record/migration.rb:553:in `call'
actionpack (5.1.1) lib/action_dispatch/middleware/callbacks.rb:26:in `block in call'
activesupport (5.1.1) lib/active_support/callbacks.rb:97:in `run_callbacks'
actionpack (5.1.1) lib/action_dispatch/middleware/callbacks.rb:24:in `call'
actionpack (5.1.1) lib/action_dispatch/middleware/executor.rb:12:in `call'
actionpack (5.1.1) lib/action_dispatch/middleware/debug_exceptions.rb:59:in `call'
web-console (3.5.1) lib/web_console/middleware.rb:135:in `call_app'
web-console (3.5.1) lib/web_console/middleware.rb:28:in `block in call'
web-console (3.5.1) lib/web_console/middleware.rb:18:in `catch'
web-console (3.5.1) lib/web_console/middleware.rb:18:in `call'
actionpack (5.1.1) lib/action_dispatch/middleware/show_exceptions.rb:31:in `call'
railties (5.1.1) lib/rails/rack/logger.rb:36:in `call_app'
railties (5.1.1) lib/rails/rack/logger.rb:24:in `block in call'
activesupport (5.1.1) lib/active_support/tagged_logging.rb:69:in `block in tagged'
activesupport (5.1.1) lib/active_support/tagged_logging.rb:26:in `tagged'
activesupport (5.1.1) lib/active_support/tagged_logging.rb:69:in `tagged'
railties (5.1.1) lib/rails/rack/logger.rb:24:in `call'
sprockets-rails (3.2.0) lib/sprockets/rails/quiet_assets.rb:13:in `call'
actionpack (5.1.1) lib/action_dispatch/middleware/remote_ip.rb:79:in `call'
actionpack (5.1.1) lib/action_dispatch/middleware/request_id.rb:25:in `call'
rack (2.0.3) lib/rack/method_override.rb:22:in `call'
rack (2.0.3) lib/rack/runtime.rb:22:in `call'
activesupport (5.1.1) lib/active_support/cache/strategy/local_cache_middleware.rb:27:in `call'
actionpack (5.1.1) lib/action_dispatch/middleware/executor.rb:12:in `call'
actionpack (5.1.1) lib/action_dispatch/middleware/static.rb:125:in `call'
rack (2.0.3) lib/rack/sendfile.rb:111:in `call'
railties (5.1.1) lib/rails/engine.rb:522:in `call'
rack (2.0.3) lib/rack/handler/webrick.rb:86:in `service'
/usr/local/Cellar/ruby/2.5.1/lib/ruby/2.5.0/webrick/httpserver.rb:140:in `service'
/usr/local/Cellar/ruby/2.5.1/lib/ruby/2.5.0/webrick/httpserver.rb:96:in `run'
/usr/local/Cellar/ruby/2.5.1/lib/ruby/2.5.0/webrick/server.rb:307:in `block in start_thread'
  
ActiveRecord::PendingMigrationError (

Migrations are pending. To resolve this issue, run:

        bin/rails db:migrate RAILS_ENV=development

):
Started GET "/images/irequest_sites/newegg.png" for 127.0.0.1 at 2018-05-22 16:43:04 -0700
  
activerecord (5.1.1) lib/active_record/migration.rb:576:in `check_pending!'
activerecord (5.1.1) lib/active_record/migration.rb:553:in `call'
actionpack (5.1.1) lib/action_dispatch/middleware/callbacks.rb:26:in `block in call'
activesupport (5.1.1) lib/active_support/callbacks.rb:97:in `run_callbacks'
actionpack (5.1.1) lib/action_dispatch/middleware/callbacks.rb:24:in `call'
actionpack (5.1.1) lib/action_dispatch/middleware/executor.rb:12:in `call'
actionpack (5.1.1) lib/action_dispatch/middleware/debug_exceptions.rb:59:in `call'
web-console (3.5.1) lib/web_console/middleware.rb:135:in `call_app'
web-console (3.5.1) lib/web_console/middleware.rb:28:in `block in call'
web-console (3.5.1) lib/web_console/middleware.rb:18:in `catch'
web-console (3.5.1) lib/web_console/middleware.rb:18:in `call'
actionpack (5.1.1) lib/action_dispatch/middleware/show_exceptions.rb:31:in `call'
railties (5.1.1) lib/rails/rack/logger.rb:36:in `call_app'
railties (5.1.1) lib/rails/rack/logger.rb:24:in `block in call'
activesupport (5.1.1) lib/active_support/tagged_logging.rb:69:in `block in tagged'
activesupport (5.1.1) lib/active_support/tagged_logging.rb:26:in `tagged'
activesupport (5.1.1) lib/active_support/tagged_logging.rb:69:in `tagged'
railties (5.1.1) lib/rails/rack/logger.rb:24:in `call'
sprockets-rails (3.2.0) lib/sprockets/rails/quiet_assets.rb:11:in `block in call'
activesupport (5.1.1) lib/active_support/logger_silence.rb:20:in `silence'
activesupport (5.1.1) lib/active_support/logger.rb:63:in `block (3 levels) in broadcast'
activesupport (5.1.1) lib/active_support/logger_silence.rb:20:in `silence'
activesupport (5.1.1) lib/active_support/logger.rb:61:in `block (2 levels) in broadcast'
sprockets-rails (3.2.0) lib/sprockets/rails/quiet_assets.rb:11:in `call'
actionpack (5.1.1) lib/action_dispatch/middleware/remote_ip.rb:79:in `call'
actionpack (5.1.1) lib/action_dispatch/middleware/request_id.rb:25:in `call'
rack (2.0.3) lib/rack/method_override.rb:22:in `call'
rack (2.0.3) lib/rack/runtime.rb:22:in `call'
activesupport (5.1.1) lib/active_support/cache/strategy/local_cache_middleware.rb:27:in `call'
actionpack (5.1.1) lib/action_dispatch/middleware/executor.rb:12:in `call'
actionpack (5.1.1) lib/action_dispatch/middleware/static.rb:125:in `call'
rack (2.0.3) lib/rack/sendfile.rb:111:in `call'
railties (5.1.1) lib/rails/engine.rb:522:in `call'
rack (2.0.3) lib/rack/handler/webrick.rb:86:in `service'
/usr/local/Cellar/ruby/2.5.1/lib/ruby/2.5.0/webrick/httpserver.rb:140:in `service'
/usr/local/Cellar/ruby/2.5.1/lib/ruby/2.5.0/webrick/httpserver.rb:96:in `run'
/usr/local/Cellar/ruby/2.5.1/lib/ruby/2.5.0/webrick/server.rb:307:in `block in start_thread'
  
ActiveRecord::PendingMigrationError (

Migrations are pending. To resolve this issue, run:

        bin/rails db:migrate RAILS_ENV=development

):
  
activerecord (5.1.1) lib/active_record/migration.rb:576:in `check_pending!'
activerecord (5.1.1) lib/active_record/migration.rb:553:in `call'
actionpack (5.1.1) lib/action_dispatch/middleware/callbacks.rb:26:in `block in call'
activesupport (5.1.1) lib/active_support/callbacks.rb:97:in `run_callbacks'
actionpack (5.1.1) lib/action_dispatch/middleware/callbacks.rb:24:in `call'
actionpack (5.1.1) lib/action_dispatch/middleware/executor.rb:12:in `call'
actionpack (5.1.1) lib/action_dispatch/middleware/debug_exceptions.rb:59:in `call'
web-console (3.5.1) lib/web_console/middleware.rb:135:in `call_app'
web-console (3.5.1) lib/web_console/middleware.rb:28:in `block in call'
web-console (3.5.1) lib/web_console/middleware.rb:18:in `catch'
web-console (3.5.1) lib/web_console/middleware.rb:18:in `call'
actionpack (5.1.1) lib/action_dispatch/middleware/show_exceptions.rb:31:in `call'
railties (5.1.1) lib/rails/rack/logger.rb:36:in `call_app'
railties (5.1.1) lib/rails/rack/logger.rb:24:in `block in call'
activesupport (5.1.1) lib/active_support/tagged_logging.rb:69:in `block in tagged'
activesupport (5.1.1) lib/active_support/tagged_logging.rb:26:in `tagged'
activesupport (5.1.1) lib/active_support/tagged_logging.rb:69:in `tagged'
railties (5.1.1) lib/rails/rack/logger.rb:24:in `call'
sprockets-rails (3.2.0) lib/sprockets/rails/quiet_assets.rb:13:in `call'
actionpack (5.1.1) lib/action_dispatch/middleware/remote_ip.rb:79:in `call'
actionpack (5.1.1) lib/action_dispatch/middleware/request_id.rb:25:in `call'
rack (2.0.3) lib/rack/method_override.rb:22:in `call'
rack (2.0.3) lib/rack/runtime.rb:22:in `call'
activesupport (5.1.1) lib/active_support/cache/strategy/local_cache_middleware.rb:27:in `call'
actionpack (5.1.1) lib/action_dispatch/middleware/executor.rb:12:in `call'
actionpack (5.1.1) lib/action_dispatch/middleware/static.rb:125:in `call'
rack (2.0.3) lib/rack/sendfile.rb:111:in `call'
railties (5.1.1) lib/rails/engine.rb:522:in `call'
rack (2.0.3) lib/rack/handler/webrick.rb:86:in `service'
/usr/local/Cellar/ruby/2.5.1/lib/ruby/2.5.0/webrick/httpserver.rb:140:in `service'
/usr/local/Cellar/ruby/2.5.1/lib/ruby/2.5.0/webrick/httpserver.rb:96:in `run'
/usr/local/Cellar/ruby/2.5.1/lib/ruby/2.5.0/webrick/server.rb:307:in `block in start_thread'
  
ActiveRecord::PendingMigrationError (

Migrations are pending. To resolve this issue, run:

        bin/rails db:migrate RAILS_ENV=development

):
  
activerecord (5.1.1) lib/active_record/migration.rb:576:in `check_pending!'
activerecord (5.1.1) lib/active_record/migration.rb:553:in `call'
actionpack (5.1.1) lib/action_dispatch/middleware/callbacks.rb:26:in `block in call'
activesupport (5.1.1) lib/active_support/callbacks.rb:97:in `run_callbacks'
actionpack (5.1.1) lib/action_dispatch/middleware/callbacks.rb:24:in `call'
actionpack (5.1.1) lib/action_dispatch/middleware/executor.rb:12:in `call'
actionpack (5.1.1) lib/action_dispatch/middleware/debug_exceptions.rb:59:in `call'
web-console (3.5.1) lib/web_console/middleware.rb:135:in `call_app'
web-console (3.5.1) lib/web_console/middleware.rb:28:in `block in call'
web-console (3.5.1) lib/web_console/middleware.rb:18:in `catch'
web-console (3.5.1) lib/web_console/middleware.rb:18:in `call'
actionpack (5.1.1) lib/action_dispatch/middleware/show_exceptions.rb:31:in `call'
railties (5.1.1) lib/rails/rack/logger.rb:36:in `call_app'
railties (5.1.1) lib/rails/rack/logger.rb:24:in `block in call'
activesupport (5.1.1) lib/active_support/tagged_logging.rb:69:in `block in tagged'
activesupport (5.1.1) lib/active_support/tagged_logging.rb:26:in `tagged'
activesupport (5.1.1) lib/active_support/tagged_logging.rb:69:in `tagged'
railties (5.1.1) lib/rails/rack/logger.rb:24:in `call'
sprockets-rails (3.2.0) lib/sprockets/rails/quiet_assets.rb:11:in `block in call'
activesupport (5.1.1) lib/active_support/logger_silence.rb:20:in `silence'
activesupport (5.1.1) lib/active_support/logger.rb:63:in `block (3 levels) in broadcast'
activesupport (5.1.1) lib/active_support/logger_silence.rb:20:in `silence'
activesupport (5.1.1) lib/active_support/logger.rb:61:in `block (2 levels) in broadcast'
sprockets-rails (3.2.0) lib/sprockets/rails/quiet_assets.rb:11:in `call'
actionpack (5.1.1) lib/action_dispatch/middleware/remote_ip.rb:79:in `call'
actionpack (5.1.1) lib/action_dispatch/middleware/request_id.rb:25:in `call'
rack (2.0.3) lib/rack/method_override.rb:22:in `call'
rack (2.0.3) lib/rack/runtime.rb:22:in `call'
activesupport (5.1.1) lib/active_support/cache/strategy/local_cache_middleware.rb:27:in `call'
actionpack (5.1.1) lib/action_dispatch/middleware/executor.rb:12:in `call'
actionpack (5.1.1) lib/action_dispatch/middleware/static.rb:125:in `call'
rack (2.0.3) lib/rack/sendfile.rb:111:in `call'
railties (5.1.1) lib/rails/engine.rb:522:in `call'
rack (2.0.3) lib/rack/handler/webrick.rb:86:in `service'
/usr/local/Cellar/ruby/2.5.1/lib/ruby/2.5.0/webrick/httpserver.rb:140:in `service'
/usr/local/Cellar/ruby/2.5.1/lib/ruby/2.5.0/webrick/httpserver.rb:96:in `run'
/usr/local/Cellar/ruby/2.5.1/lib/ruby/2.5.0/webrick/server.rb:307:in `block in start_thread'
Started GET "/" for 127.0.0.1 at 2018-05-22 16:43:07 -0700
  
ActiveRecord::PendingMigrationError (

Migrations are pending. To resolve this issue, run:

        bin/rails db:migrate RAILS_ENV=development

):
  
activerecord (5.1.1) lib/active_record/migration.rb:576:in `check_pending!'
activerecord (5.1.1) lib/active_record/migration.rb:553:in `call'
actionpack (5.1.1) lib/action_dispatch/middleware/callbacks.rb:26:in `block in call'
activesupport (5.1.1) lib/active_support/callbacks.rb:97:in `run_callbacks'
actionpack (5.1.1) lib/action_dispatch/middleware/callbacks.rb:24:in `call'
actionpack (5.1.1) lib/action_dispatch/middleware/executor.rb:12:in `call'
actionpack (5.1.1) lib/action_dispatch/middleware/debug_exceptions.rb:59:in `call'
web-console (3.5.1) lib/web_console/middleware.rb:135:in `call_app'
web-console (3.5.1) lib/web_console/middleware.rb:28:in `block in call'
web-console (3.5.1) lib/web_console/middleware.rb:18:in `catch'
web-console (3.5.1) lib/web_console/middleware.rb:18:in `call'
actionpack (5.1.1) lib/action_dispatch/middleware/show_exceptions.rb:31:in `call'
railties (5.1.1) lib/rails/rack/logger.rb:36:in `call_app'
railties (5.1.1) lib/rails/rack/logger.rb:24:in `block in call'
activesupport (5.1.1) lib/active_support/tagged_logging.rb:69:in `block in tagged'
activesupport (5.1.1) lib/active_support/tagged_logging.rb:26:in `tagged'
activesupport (5.1.1) lib/active_support/tagged_logging.rb:69:in `tagged'
railties (5.1.1) lib/rails/rack/logger.rb:24:in `call'
sprockets-rails (3.2.0) lib/sprockets/rails/quiet_assets.rb:13:in `call'
actionpack (5.1.1) lib/action_dispatch/middleware/remote_ip.rb:79:in `call'
actionpack (5.1.1) lib/action_dispatch/middleware/request_id.rb:25:in `call'
rack (2.0.3) lib/rack/method_override.rb:22:in `call'
rack (2.0.3) lib/rack/runtime.rb:22:in `call'
activesupport (5.1.1) lib/active_support/cache/strategy/local_cache_middleware.rb:27:in `call'
actionpack (5.1.1) lib/action_dispatch/middleware/executor.rb:12:in `call'
actionpack (5.1.1) lib/action_dispatch/middleware/static.rb:125:in `call'
rack (2.0.3) lib/rack/sendfile.rb:111:in `call'
railties (5.1.1) lib/rails/engine.rb:522:in `call'
rack (2.0.3) lib/rack/handler/webrick.rb:86:in `service'
/usr/local/Cellar/ruby/2.5.1/lib/ruby/2.5.0/webrick/httpserver.rb:140:in `service'
/usr/local/Cellar/ruby/2.5.1/lib/ruby/2.5.0/webrick/httpserver.rb:96:in `run'
/usr/local/Cellar/ruby/2.5.1/lib/ruby/2.5.0/webrick/server.rb:307:in `block in start_thread'
  [1m[35m (0.1ms)[0m  [1m[34mSELECT sqlite_version(*)[0m
  [1m[35m (1.1ms)[0m  [1m[35mCREATE TABLE "schema_migrations" ("version" varchar NOT NULL PRIMARY KEY)[0m
  [1m[35m (0.8ms)[0m  [1m[35mCREATE TABLE "ar_internal_metadata" ("key" varchar NOT NULL PRIMARY KEY, "value" varchar, "created_at" datetime NOT NULL, "updated_at" datetime NOT NULL)[0m
  [1m[35m (0.1ms)[0m  [1m[34mSELECT "schema_migrations"."version" FROM "schema_migrations" ORDER BY "schema_migrations"."version" ASC[0m
Migrating to CreateUsers (20170601225452)
  [1m[35m (0.1ms)[0m  [1m[36mbegin transaction[0m
  [1m[35m (0.4ms)[0m  [1m[35mCREATE TABLE "users" ("id" INTEGER PRIMARY KEY AUTOINCREMENT NOT NULL, "name" varchar, "email" varchar, "created_at" datetime NOT NULL, "updated_at" datetime NOT NULL)[0m
  [1m[35mSQL (0.1ms)[0m  [1m[32mINSERT INTO "schema_migrations" ("version") VALUES (?)[0m  [["version", "20170601225452"]]
  [1m[35m (0.7ms)[0m  [1m[36mcommit transaction[0m
Migrating to AddPasswordDigestToUsers (20170602024901)
  [1m[35m (0.1ms)[0m  [1m[36mbegin transaction[0m
  [1m[35m (0.6ms)[0m  [1m[35mALTER TABLE "users" ADD "password_digest" varchar[0m
  [1m[35mSQL (0.1ms)[0m  [1m[32mINSERT INTO "schema_migrations" ("version") VALUES (?)[0m  [["version", "20170602024901"]]
  [1m[35m (0.6ms)[0m  [1m[36mcommit transaction[0m
Migrating to AddAdminToUsers (20170602214557)
  [1m[35m (0.0ms)[0m  [1m[36mbegin transaction[0m
  [1m[35m (0.3ms)[0m  [1m[35mALTER TABLE "users" ADD "admin" boolean[0m
  [1m[35mSQL (0.2ms)[0m  [1m[32mINSERT INTO "schema_migrations" ("version") VALUES (?)[0m  [["version", "20170602214557"]]
  [1m[35m (0.6ms)[0m  [1m[36mcommit transaction[0m
Migrating to CreateMicroposts (20170608194554)
  [1m[35m (0.0ms)[0m  [1m[36mbegin transaction[0m
  [1m[35m (0.3ms)[0m  [1m[35mCREATE TABLE "microposts" ("id" INTEGER PRIMARY KEY AUTOINCREMENT NOT NULL, "content" text, "user_id" integer, "created_at" datetime NOT NULL, "updated_at" datetime NOT NULL, CONSTRAINT "fk_rails_558c81314b"
FOREIGN KEY ("user_id")
  REFERENCES "users" ("id")
)[0m
  [1m[35m (0.5ms)[0m  [1m[35mCREATE  INDEX "index_microposts_on_user_id" ON "microposts" ("user_id")[0m
  [1m[35m (0.1ms)[0m  [1m[34m            SELECT sql
            FROM sqlite_master
            WHERE name='index_microposts_on_user_id' AND type='index'
            UNION ALL
            SELECT sql
            FROM sqlite_temp_master
            WHERE name='index_microposts_on_user_id' AND type='index'
[0m
  [1m[35m (0.1ms)[0m  [1m[35mCREATE  INDEX "index_microposts_on_user_id_and_created_at" ON "microposts" ("user_id", "created_at")[0m
  [1m[35mSQL (0.1ms)[0m  [1m[32mINSERT INTO "schema_migrations" ("version") VALUES (?)[0m  [["version", "20170608194554"]]
  [1m[35m (0.6ms)[0m  [1m[36mcommit transaction[0m
  [1m[36mActiveRecord::InternalMetadata Load (0.1ms)[0m  [1m[34mSELECT  "ar_internal_metadata".* FROM "ar_internal_metadata" WHERE "ar_internal_metadata"."key" = ? LIMIT ?[0m  [["key", "environment"], ["LIMIT", 1]]
  [1m[35m (0.0ms)[0m  [1m[36mbegin transaction[0m
  [1m[35mSQL (0.3ms)[0m  [1m[32mINSERT INTO "ar_internal_metadata" ("key", "value", "created_at", "updated_at") VALUES (?, ?, ?, ?)[0m  [["key", "environment"], ["value", "development"], ["created_at", "2018-05-22 23:43:40.976754"], ["updated_at", "2018-05-22 23:43:40.976754"]]
  [1m[35m (0.6ms)[0m  [1m[36mcommit transaction[0m
  [1m[35m (0.1ms)[0m  [1m[34mSELECT "schema_migrations"."version" FROM "schema_migrations" ORDER BY "schema_migrations"."version" ASC[0m
  [1m[35m (0.1ms)[0m  [1m[34m            SELECT sql
            FROM sqlite_master
            WHERE name='index_microposts_on_user_id_and_created_at' AND type='index'
            UNION ALL
            SELECT sql
            FROM sqlite_temp_master
            WHERE name='index_microposts_on_user_id_and_created_at' AND type='index'
[0m
  [1m[35m (0.1ms)[0m  [1m[34m            SELECT sql
            FROM sqlite_master
            WHERE name='index_microposts_on_user_id' AND type='index'
            UNION ALL
            SELECT sql
            FROM sqlite_temp_master
            WHERE name='index_microposts_on_user_id' AND type='index'
[0m
Started GET "/" for ::1 at 2018-05-22 16:44:23 -0700
  [1m[35m (0.6ms)[0m  [1m[34mSELECT "schema_migrations"."version" FROM "schema_migrations" ORDER BY "schema_migrations"."version" ASC[0m
Processing by StaticPagesController#home as HTML
  [1m[36mUser Load (1.0ms)[0m  [1m[34mSELECT  "users".* FROM "users" WHERE "users"."id" IS NULL LIMIT ?[0m  [["LIMIT", 1]]
  Rendering static_pages/home.html.erb within layouts/application
  [1m[36mUser Load (0.1ms)[0m  [1m[34mSELECT  "users".* FROM "users" WHERE "users"."id" IS NULL LIMIT ?[0m  [["LIMIT", 1]]
  Rendered static_pages/home.html.erb within layouts/application (1721.6ms)
  Rendered layouts/_shim.html.erb (0.3ms) [cache miss]
  Rendered layouts/_header.html.erb (1.2ms) [cache miss]
  Rendered layouts/_footer.html.erb (0.4ms) [cache miss]
Completed 200 OK in 1816ms (Views: 1795.8ms | ActiveRecord: 1.4ms)


Started GET "/" for ::1 at 2018-05-22 18:44:58 -0700
  [1m[35m (0.2ms)[0m  [1m[34mSELECT "schema_migrations"."version" FROM "schema_migrations" ORDER BY "schema_migrations"."version" ASC[0m
Processing by StaticPagesController#home as HTML
  [1m[36mUser Load (0.2ms)[0m  [1m[34mSELECT  "users".* FROM "users" WHERE "users"."id" IS NULL LIMIT ?[0m  [["LIMIT", 1]]
  Rendering static_pages/home.html.erb within layouts/application
  [1m[36mUser Load (0.2ms)[0m  [1m[34mSELECT  "users".* FROM "users" WHERE "users"."id" IS NULL LIMIT ?[0m  [["LIMIT", 1]]
  Rendered static_pages/home.html.erb within layouts/application (4277.6ms)
  Rendered layouts/_shim.html.erb (0.7ms) [cache miss]
  Rendered layouts/_header.html.erb (1.2ms) [cache miss]
  Rendered layouts/_footer.html.erb (0.6ms) [cache miss]
Completed 200 OK in 4422ms (Views: 4398.1ms | ActiveRecord: 0.8ms)


Started GET "/" for ::1 at 2018-05-22 18:45:49 -0700
Processing by StaticPagesController#home as HTML
  [1m[36mUser Load (0.6ms)[0m  [1m[34mSELECT  "users".* FROM "users" WHERE "users"."id" IS NULL LIMIT ?[0m  [["LIMIT", 1]]
  Rendering static_pages/home.html.erb within layouts/application
  [1m[36mCACHE User Load (0.0ms)[0m  [1m[34mSELECT  "users".* FROM "users" WHERE "users"."id" IS NULL LIMIT ?[0m  [["LIMIT", 1]]
  Rendered static_pages/home.html.erb within layouts/application (3.5ms)
  Rendered layouts/_shim.html.erb (11.4ms) [cache miss]
  Rendered layouts/_header.html.erb (1.2ms) [cache miss]
  Rendered layouts/_footer.html.erb (0.8ms) [cache miss]
Completed 200 OK in 118ms (Views: 112.9ms | ActiveRecord: 0.6ms)


Started GET "/" for ::1 at 2018-05-22 18:49:49 -0700
Processing by StaticPagesController#home as HTML
  [1m[36mUser Load (0.3ms)[0m  [1m[34mSELECT  "users".* FROM "users" WHERE "users"."id" IS NULL LIMIT ?[0m  [["LIMIT", 1]]
  Rendering static_pages/home.html.erb within layouts/application
  [1m[36mCACHE User Load (0.0ms)[0m  [1m[34mSELECT  "users".* FROM "users" WHERE "users"."id" IS NULL LIMIT ?[0m  [["LIMIT", 1]]
  Rendered static_pages/home.html.erb within layouts/application (2.9ms)
  Rendered layouts/_shim.html.erb (0.3ms) [cache miss]
  Rendered layouts/_header.html.erb (1.2ms) [cache miss]
  Rendered layouts/_footer.html.erb (1.2ms) [cache miss]
Completed 200 OK in 74ms (Views: 70.7ms | ActiveRecord: 0.3ms)


Started GET "/" for ::1 at 2018-05-22 18:50:24 -0700
Processing by StaticPagesController#home as HTML
  [1m[36mUser Load (0.2ms)[0m  [1m[34mSELECT  "users".* FROM "users" WHERE "users"."id" IS NULL LIMIT ?[0m  [["LIMIT", 1]]
  Rendering static_pages/home.html.erb within layouts/application
  [1m[36mCACHE User Load (0.0ms)[0m  [1m[34mSELECT  "users".* FROM "users" WHERE "users"."id" IS NULL LIMIT ?[0m  [["LIMIT", 1]]
  Rendered static_pages/home.html.erb within layouts/application (2.2ms)
  Rendered layouts/_shim.html.erb (0.3ms) [cache miss]
  Rendered layouts/_header.html.erb (1.0ms) [cache miss]
  Rendered layouts/_footer.html.erb (0.7ms) [cache miss]
Completed 200 OK in 47ms (Views: 44.5ms | ActiveRecord: 0.2ms)


Started GET "/" for ::1 at 2018-05-22 18:51:31 -0700
Processing by StaticPagesController#home as HTML
  [1m[36mUser Load (0.2ms)[0m  [1m[34mSELECT  "users".* FROM "users" WHERE "users"."id" IS NULL LIMIT ?[0m  [["LIMIT", 1]]
  Rendering static_pages/home.html.erb within layouts/application
  [1m[36mCACHE User Load (0.0ms)[0m  [1m[34mSELECT  "users".* FROM "users" WHERE "users"."id" IS NULL LIMIT ?[0m  [["LIMIT", 1]]
  Rendered static_pages/home.html.erb within layouts/application (1.1ms)
  Rendered layouts/_shim.html.erb (0.9ms) [cache miss]
  Rendered layouts/_header.html.erb (0.8ms) [cache miss]
  Rendered layouts/_footer.html.erb (0.5ms) [cache miss]
Completed 200 OK in 64ms (Views: 60.3ms | ActiveRecord: 0.2ms)


Started GET "/" for ::1 at 2018-05-22 18:52:37 -0700
Processing by StaticPagesController#home as HTML
  [1m[36mUser Load (0.4ms)[0m  [1m[34mSELECT  "users".* FROM "users" WHERE "users"."id" IS NULL LIMIT ?[0m  [["LIMIT", 1]]
  Rendering static_pages/home.html.erb within layouts/application
  [1m[36mCACHE User Load (0.0ms)[0m  [1m[34mSELECT  "users".* FROM "users" WHERE "users"."id" IS NULL LIMIT ?[0m  [["LIMIT", 1]]
  Rendered static_pages/home.html.erb within layouts/application (1.6ms)
  Rendered layouts/_shim.html.erb (0.4ms) [cache miss]
  Rendered layouts/_header.html.erb (0.8ms) [cache miss]
  Rendered layouts/_footer.html.erb (0.5ms) [cache miss]
Completed 200 OK in 56ms (Views: 51.0ms | ActiveRecord: 0.4ms)


Started GET "/" for ::1 at 2018-05-22 18:52:39 -0700
Processing by StaticPagesController#home as HTML
  [1m[36mUser Load (0.3ms)[0m  [1m[34mSELECT  "users".* FROM "users" WHERE "users"."id" IS NULL LIMIT ?[0m  [["LIMIT", 1]]
  Rendering static_pages/home.html.erb within layouts/application
  [1m[36mCACHE User Load (0.1ms)[0m  [1m[34mSELECT  "users".* FROM "users" WHERE "users"."id" IS NULL LIMIT ?[0m  [["LIMIT", 1]]
  Rendered static_pages/home.html.erb within layouts/application (3.6ms)
  Rendered layouts/_shim.html.erb (0.3ms) [cache miss]
  Rendered layouts/_header.html.erb (1.2ms) [cache miss]
  Rendered layouts/_footer.html.erb (0.9ms) [cache miss]
Completed 200 OK in 66ms (Views: 61.6ms | ActiveRecord: 0.4ms)


Started GET "/" for ::1 at 2018-05-22 18:52:39 -0700
Processing by StaticPagesController#home as HTML
  [1m[36mUser Load (0.3ms)[0m  [1m[34mSELECT  "users".* FROM "users" WHERE "users"."id" IS NULL LIMIT ?[0m  [["LIMIT", 1]]
  Rendering static_pages/home.html.erb within layouts/application
  [1m[36mCACHE User Load (0.0ms)[0m  [1m[34mSELECT  "users".* FROM "users" WHERE "users"."id" IS NULL LIMIT ?[0m  [["LIMIT", 1]]
  Rendered static_pages/home.html.erb within layouts/application (3.1ms)
  Rendered layouts/_shim.html.erb (0.5ms) [cache miss]
  Rendered layouts/_header.html.erb (1.1ms) [cache miss]
  Rendered layouts/_footer.html.erb (0.8ms) [cache miss]
Completed 200 OK in 73ms (Views: 68.5ms | ActiveRecord: 0.3ms)


Started GET "/" for ::1 at 2018-05-22 18:52:40 -0700
Processing by StaticPagesController#home as HTML
  [1m[36mUser Load (0.4ms)[0m  [1m[34mSELECT  "users".* FROM "users" WHERE "users"."id" IS NULL LIMIT ?[0m  [["LIMIT", 1]]
  Rendering static_pages/home.html.erb within layouts/application
  [1m[36mCACHE User Load (0.0ms)[0m  [1m[34mSELECT  "users".* FROM "users" WHERE "users"."id" IS NULL LIMIT ?[0m  [["LIMIT", 1]]
  Rendered static_pages/home.html.erb within layouts/application (3.0ms)
  Rendered layouts/_shim.html.erb (0.5ms) [cache miss]
  Rendered layouts/_header.html.erb (1.3ms) [cache miss]
  Rendered layouts/_footer.html.erb (0.9ms) [cache miss]
Completed 200 OK in 101ms (Views: 96.1ms | ActiveRecord: 0.5ms)


Started GET "/signup" for ::1 at 2018-05-22 18:52:40 -0700
Processing by UsersController#new as HTML
  Rendering users/new.html.erb within layouts/application
  Rendered shared/_error_messages.html.erb (0.9ms) [cache miss]
  Rendered users/new.html.erb within layouts/application (447.0ms)
  Rendered layouts/_shim.html.erb (0.5ms) [cache miss]
  Rendered layouts/_header.html.erb (0.6ms) [cache miss]
  Rendered layouts/_footer.html.erb (0.7ms) [cache miss]
Completed 200 OK in 505ms (Views: 490.0ms | ActiveRecord: 0.9ms)


Started GET "/" for ::1 at 2018-05-22 18:53:40 -0700
Processing by StaticPagesController#home as HTML
  [1m[36mUser Load (0.2ms)[0m  [1m[34mSELECT  "users".* FROM "users" WHERE "users"."id" IS NULL LIMIT ?[0m  [["LIMIT", 1]]
  Rendering static_pages/home.html.erb within layouts/application
  [1m[36mCACHE User Load (0.0ms)[0m  [1m[34mSELECT  "users".* FROM "users" WHERE "users"."id" IS NULL LIMIT ?[0m  [["LIMIT", 1]]
  Rendered static_pages/home.html.erb within layouts/application (1.2ms)
  Rendered layouts/_shim.html.erb (0.4ms) [cache miss]
  Rendered layouts/_header.html.erb (0.9ms) [cache miss]
  Rendered layouts/_footer.html.erb (0.6ms) [cache miss]
Completed 200 OK in 41ms (Views: 38.5ms | ActiveRecord: 0.2ms)


Started GET "/" for ::1 at 2018-05-22 18:53:48 -0700
Processing by StaticPagesController#home as HTML
  [1m[36mUser Load (0.2ms)[0m  [1m[34mSELECT  "users".* FROM "users" WHERE "users"."id" IS NULL LIMIT ?[0m  [["LIMIT", 1]]
  Rendering static_pages/home.html.erb within layouts/application
  [1m[36mCACHE User Load (0.0ms)[0m  [1m[34mSELECT  "users".* FROM "users" WHERE "users"."id" IS NULL LIMIT ?[0m  [["LIMIT", 1]]
  Rendered static_pages/home.html.erb within layouts/application (2.7ms)
  Rendered layouts/_shim.html.erb (0.3ms) [cache miss]
  Rendered layouts/_header.html.erb (0.7ms) [cache miss]
  Rendered layouts/_footer.html.erb (0.7ms) [cache miss]
Completed 200 OK in 40ms (Views: 37.9ms | ActiveRecord: 0.2ms)


Started GET "/" for ::1 at 2018-05-22 18:53:54 -0700
Processing by StaticPagesController#home as HTML
  [1m[36mUser Load (0.2ms)[0m  [1m[34mSELECT  "users".* FROM "users" WHERE "users"."id" IS NULL LIMIT ?[0m  [["LIMIT", 1]]
  Rendering static_pages/home.html.erb within layouts/application
  [1m[36mCACHE User Load (0.0ms)[0m  [1m[34mSELECT  "users".* FROM "users" WHERE "users"."id" IS NULL LIMIT ?[0m  [["LIMIT", 1]]
  Rendered static_pages/home.html.erb within layouts/application (1.0ms)
  Rendered layouts/_shim.html.erb (0.3ms) [cache miss]
  Rendered layouts/_header.html.erb (0.7ms) [cache miss]
  Rendered layouts/_footer.html.erb (0.7ms) [cache miss]
Completed 200 OK in 55ms (Views: 52.0ms | ActiveRecord: 0.2ms)


Started GET "/" for ::1 at 2018-05-22 18:54:22 -0700
Processing by StaticPagesController#home as HTML
  [1m[36mUser Load (0.6ms)[0m  [1m[34mSELECT  "users".* FROM "users" WHERE "users"."id" IS NULL LIMIT ?[0m  [["LIMIT", 1]]
  Rendering static_pages/home.html.erb within layouts/application
  [1m[36mCACHE User Load (0.0ms)[0m  [1m[34mSELECT  "users".* FROM "users" WHERE "users"."id" IS NULL LIMIT ?[0m  [["LIMIT", 1]]
  Rendered static_pages/home.html.erb within layouts/application (1.4ms)
  Rendered layouts/_shim.html.erb (0.4ms) [cache miss]
  Rendered layouts/_header.html.erb (0.9ms) [cache miss]
  Rendered layouts/_footer.html.erb (0.6ms) [cache miss]
Completed 200 OK in 56ms (Views: 51.8ms | ActiveRecord: 0.6ms)


